<?xml version="1.0" encoding="UTF-8"?>
<TestRun id="6a8f3a1d-1cfd-42ac-86a3-46431a3c19c6" name="Stephen@PRO3 2018-01-07 16:39:31" runUser="PRO3\Stephen" xmlns="http://microsoft.com/schemas/VisualStudio/TeamTest/2010">
  <TestSettings name="Default Test Settings" id="857d07b5-7586-4b2d-9d2a-480c925d3842">
    <Execution>
      <TestTypeSpecific />
      <AgentRule name="Execution Agents">
      </AgentRule>
    </Execution>
    <Deployment runDeploymentRoot="Stephen_PRO3 2018-01-07 16_39_31" />
    <Properties />
  </TestSettings>
  <Times creation="2018-01-07T16:39:31.5259578-05:00" queuing="2018-01-07T16:39:31.9310968-05:00" start="2018-01-07T16:39:32.0847835-05:00" finish="2018-01-07T16:39:32.5859903-05:00" />
  <ResultSummary outcome="Completed">
    <Counters total="1" executed="1" passed="1" error="0" failed="0" timeout="0" aborted="0" inconclusive="0" passedButRunAborted="0" notRunnable="0" notExecuted="0" disconnected="0" warning="0" completed="0" inProgress="0" pending="0" />
  </ResultSummary>
  <TestDefinitions>
    <UnitTest name="writeTest" storage="kata_pentests\bin\release\kata_pentests.dll" id="fbe33f98-b47d-6b1b-f23b-d2fb8504e037">
      <Execution id="173aaaf8-319f-417c-bdbd-2f8794c607c2" />
      <TestMethod codeBase="C:/Users/Stephen/source/repos/kata_pen/kata_penTests/bin/release/kata_penTests.DLL" adapterTypeName="Microsoft.VisualStudio.TestTools.TestTypes.Unit.UnitTestAdapter, Microsoft.VisualStudio.QualityTools.Tips.UnitTest.Adapter, Version=15.0.0.0, Culture=neutral, PublicKeyToken=b03f5f7f11d50a3a" className="kata_pen.Tests.PencilTests, kata_penTests, Version=1.0.0.0, Culture=neutral, PublicKeyToken=null" name="writeTest" />
    </UnitTest>
  </TestDefinitions>
  <TestLists>
    <TestList name="Results Not in a List" id="8c84fa94-04c1-424b-9868-57a2d4851a1d" />
    <TestList name="All Loaded Results" id="19431567-8539-422a-85d7-44ee4e166bda" />
  </TestLists>
  <TestEntries>
    <TestEntry testId="fbe33f98-b47d-6b1b-f23b-d2fb8504e037" executionId="173aaaf8-319f-417c-bdbd-2f8794c607c2" testListId="8c84fa94-04c1-424b-9868-57a2d4851a1d" />
  </TestEntries>
  <Results>
    <UnitTestResult executionId="173aaaf8-319f-417c-bdbd-2f8794c607c2" testId="fbe33f98-b47d-6b1b-f23b-d2fb8504e037" testName="writeTest" computerName="PRO3" duration="00:00:00.0144999" startTime="2018-01-07T16:39:32.1849208-05:00" endTime="2018-01-07T16:39:32.5169481-05:00" testType="13cdc9d9-ddb5-4fa4-a97d-d965ccfc6d4b" outcome="Passed" testListId="8c84fa94-04c1-424b-9868-57a2d4851a1d" relativeResultsDirectory="173aaaf8-319f-417c-bdbd-2f8794c607c2">
    </UnitTestResult>
  </Results>
</TestRun>